<?xml version="1.0" encoding="UTF-8"?>
<!-- Generated by org.testng.reporters.JUnitReportReporter -->
<testsuite hostname="Ramakrishna" name="maven.first.secondtest" tests="1" failures="0" timestamp="12 Oct 2017 19:35:28 GMT" time="17.177" errors="0">
  <testcase name="seond" time="17.177" classname="maven.first.secondtest"/>
</testsuite> <!-- maven.first.secondtest -->
