<?xml version="1.0" encoding="UTF-8"?>
<!-- Generated by org.testng.reporters.JUnitReportReporter -->
<testsuite hostname="Ramakrishna" name="maven.first.third" tests="1" failures="0" timestamp="16 Dec 2017 11:15:04 GMT" time="30.508" errors="0">
  <testcase name="seond" time="30.508" classname="maven.first.third"/>
</testsuite> <!-- maven.first.third -->
