<?xml version="1.0" encoding="UTF-8"?>
<!-- Generated by org.testng.reporters.JUnitReportReporter -->
<testsuite hostname="Ramakrishna" name="maven.first.third" tests="1" failures="0" timestamp="12 Oct 2017 06:20:34 GMT" time="28.368" errors="0">
  <testcase name="seond" time="28.368" classname="maven.first.third"/>
</testsuite> <!-- maven.first.third -->
