<?xml version="1.0" encoding="UTF-8"?>
<!-- Generated by org.testng.reporters.JUnitReportReporter -->
<testsuite hostname="Ramakrishna" name="maven.first.first" tests="1" failures="0" timestamp="12 Oct 2017 06:13:27 GMT" time="17.090" errors="0">
  <testcase name="logintest" time="17.090" classname="maven.first.first"/>
</testsuite> <!-- maven.first.first -->
