<?xml version="1.0" encoding="UTF-8"?>
<!-- Generated by org.testng.reporters.JUnitReportReporter -->
<testsuite hostname="Ramakrishna" name="maven.first.AppTest" tests="1" failures="0" timestamp="12 Oct 2017 06:04:17 GMT" time="15.730" errors="0">
  <testcase name="logintest" time="15.730" classname="maven.first.AppTest"/>
</testsuite> <!-- maven.first.AppTest -->
