<?xml version="1.0" encoding="UTF-8"?>
<!-- Generated by org.testng.reporters.JUnitReportReporter -->
<testsuite hostname="Ramakrishna" name="maven.first.third" tests="1" failures="0" timestamp="12 Oct 2017 16:54:33 GMT" time="25.607" errors="0">
  <testcase name="seond" time="25.607" classname="maven.first.third"/>
</testsuite> <!-- maven.first.third -->
