<?xml version="1.0" encoding="UTF-8"?>
<!-- Generated by org.testng.reporters.JUnitReportReporter -->
<testsuite hostname="Ramakrishna" name="maven.first.AppTest" tests="1" failures="0" timestamp="12 Oct 2017 05:54:50 GMT" time="18.276" errors="0">
  <testcase name="logintest" time="18.276" classname="maven.first.AppTest"/>
</testsuite> <!-- maven.first.AppTest -->
